<?xml version="1.0" encoding="UTF-8"?>
<!-- Generated by org.testng.reporters.JUnitReportReporter -->
<testsuite hostname="DESKTOP-MJRPMF8" failures="0" tests="1" name="testScript.SearchAddedPage_Test" time="7.396" errors="0" timestamp="2024-08-04T23:25:34 IST" skipped="0">
  <testcase classname="testScript.SearchAddedPage_Test" name="verifySearchingTitleIsInTheResultTable" time="7.396"/>
  <system-out/>
</testsuite> <!-- testScript.SearchAddedPage_Test -->
