<?xml version="1.0" encoding="UTF-8"?>
<!-- Generated by org.testng.reporters.JUnitReportReporter -->
<testsuite hostname="DESKTOP-MJRPMF8" failures="0" tests="1" name="testScript.SubCategoryPage_Test" time="8.684" errors="0" timestamp="2024-08-06T20:21:55 IST" skipped="0">
  <testcase classname="testScript.SubCategoryPage_Test" name="verifyUserIsAbleToSaveTheSubCategoryData" time="8.684"/>
  <system-out/>
</testsuite> <!-- testScript.SubCategoryPage_Test -->
