<?xml version="1.0" encoding="UTF-8"?>
<!-- Generated by org.testng.reporters.JUnitReportReporter -->
<testsuite hostname="DESKTOP-MJRPMF8" failures="0" tests="1" name="testScript.LoginPage_Test" time="5.912" errors="0" timestamp="2024-08-23T12:34:45 IST" skipped="0">
  <testcase classname="testScript.LoginPage_Test" name="verifyUserNameAndPasswordUsingInValidCredentials" time="5.912"/>
  <system-out/>
</testsuite> <!-- testScript.LoginPage_Test -->
