<?xml version="1.0" encoding="UTF-8"?>
<!-- Generated by org.testng.reporters.JUnitReportReporter -->
<testsuite hostname="DESKTOP-MJRPMF8" failures="0" tests="1" name="testScript.SearchAdminUserPage_Test" time="8.168" errors="0" timestamp="2024-08-04T00:38:15 IST" skipped="0">
  <testcase classname="testScript.SearchAdminUserPage_Test" name="verifyUserIsAbleToSearchTheUserName" time="8.168"/>
  <system-out/>
</testsuite> <!-- testScript.SearchAdminUserPage_Test -->
