<?xml version="1.0" encoding="UTF-8"?>
<!-- Generated by org.testng.reporters.JUnitReportReporter -->
<testsuite hostname="DESKTOP-MJRPMF8" failures="0" tests="1" name="testScript.EditAdminUser_Test" time="8.200" errors="0" timestamp="2024-08-06T21:04:59 IST" skipped="0">
  <testcase classname="testScript.EditAdminUser_Test" name="verifyUserIsableToEditUserType" time="8.200"/>
  <system-out/>
</testsuite> <!-- testScript.EditAdminUser_Test -->
